<?xml version="1.0" encoding="UTF-8"?>
<!-- Generated by org.testng.reporters.JUnitReportReporter -->
<testsuite hostname="CS-RAFILAP" failures="0" tests="1" name="pdfVerify.PDFVerifyExample" time="1.751" errors="0" timestamp="11 Apr 2021 13:49:18 GMT" skipped="0">
  <testcase classname="pdfVerify.PDFVerifyExample" name="PDF_Verify_01" time="1.751"/>
</testsuite> <!-- pdfVerify.PDFVerifyExample -->
