<?xml version="1.0" encoding="UTF-8"?>
<!-- Generated by org.testng.reporters.JUnitReportReporter -->
<testsuite hostname="CS-RAFILAP" failures="0" tests="1" name="pdfVerify.PDFVerifyExample" time="1.117" errors="0" timestamp="23 Mar 2021 06:38:49 GMT" skipped="0">
  <testcase classname="pdfVerify.PDFVerifyExample" name="PDF_Verify_01" time="1.117"/>
</testsuite> <!-- pdfVerify.PDFVerifyExample -->
